{ "msg_showcmd", "sl:1", "tick:48", false, { { 0, "gj" } } }
{ "msg_showcmd", "sl:1", "tick:50", false, { { 0, "gk" } } }
{ "msg_showcmd", "sl:1", "tick:52", false, { { 0, ":" } } }
{ "cmdline_show", "sl:1", "tick:53", "mode:c", { { 0, "" } } }
{ "cmdline_show", "sl:1", "tick:56", "mode:c", { { 0, "c" } } }
{ "cmdline_show", "sl:1", "tick:58", "mode:c", { { 0, "ch" } } }
{ "cmdline_show", "sl:1", "tick:60", "mode:c", { { 0, "che" } } }
{ "cmdline_show", "sl:1", "tick:62", "mode:c", { { 0, "chec" } } }
{ "cmdline_show", "sl:1", "tick:64", "mode:c", { { 0, "check" } } }
{ "cmdline_show", "sl:1", "tick:66", "mode:c", { { 0, "checkh" } } }
{ "cmdline_show", "sl:1", "tick:68", "mode:c", { { 0, "checkhe" } } }
{ "cmdline_show", "sl:1", "tick:70", "mode:c", { { 0, "checkhea" } } }
{ "cmdline_show", "sl:1", "tick:72", "mode:c", { { 0, "checkheal" } } }
{ "cmdline_show", "sl:1", "tick:74", "mode:c", { { 0, "checkhealt" } } }
{ "cmdline_show", "sl:1", "tick:76", "mode:c", { { 0, "checkhealth" } } }
{ "cmdline_hide", "sl:1", "tick:78", false, 1 }
{ "msg_showcmd", "sl:1", "tick:82", false, { { 0, "^Wq" } } }
{ "msg_showcmd", "sl:1", "tick:85", false, { { 0, "^[" } } }
{ "msg_showcmd", "sl:1", "tick:87", false, { { 0, "^I" } } }
{ "msg_showcmd", "sl:1", "tick:89", false, { { 0, ":" } } }
{ "cmdline_show", "sl:1", "tick:90", "mode:c", { { 0, "" } } }
{ "cmdline_show", "sl:1", "tick:93", "mode:c", { { 0, "c" } } }
{ "cmdline_show", "sl:1", "tick:95", "mode:c", { { 0, "ch" } } }
{ "cmdline_show", "sl:1", "tick:97", "mode:c", { { 0, "che" } } }
{ "cmdline_show", "sl:1", "tick:99", "mode:c", { { 0, "chec" } } }
{ "cmdline_show", "sl:1", "tick:101", "mode:c", { { 0, "check" } } }
{ "cmdline_show", "sl:1", "tick:103", "mode:c", { { 0, "checkh" } } }
{ "cmdline_show", "sl:1", "tick:105", "mode:c", { { 0, "checkhe" } } }
{ "cmdline_show", "sl:1", "tick:107", "mode:c", { { 0, "checkhea" } } }
{ "cmdline_show", "sl:1", "tick:109", "mode:c", { { 0, "checkheal" } } }
{ "cmdline_show", "sl:1", "tick:111", "mode:c", { { 0, "checkhealt" } } }
{ "cmdline_show", "sl:1", "tick:113", "mode:c", { { 0, "checkhealth" } } }
{ "cmdline_hide", "sl:1", "tick:115", false, 1 }
{ "msg_showcmd", "sl:1", "tick:120", false, { { 0, "gj" } } }
{ "msg_showcmd", "sl:1", "tick:122", false, { { 0, "gj" } } }
{ "msg_showcmd", "sl:1", "tick:124", false, { { 0, "gj" } } }
{ "msg_showcmd", "sl:1", "tick:126", false, { { 0, "gj" } } }
{ "msg_showcmd", "sl:1", "tick:128", false, { { 0, "gj" } } }
{ "msg_showcmd", "sl:1", "tick:130", false, { { 0, "gj" } } }
{ "msg_showcmd", "sl:1", "tick:132", false, { { 0, "gj" } } }
{ "msg_showcmd", "sl:1", "tick:134", false, { { 0, "gj" } } }
{ "msg_showcmd", "sl:1", "tick:136", false, { { 0, "gj" } } }
{ "msg_showcmd", "sl:1", "tick:138", false, { { 0, "gj" } } }
{ "msg_showcmd", "sl:1", "tick:140", false, { { 0, "gj" } } }
{ "msg_showcmd", "sl:1", "tick:142", false, { { 0, "gj" } } }
{ "msg_showcmd", "sl:1", "tick:144", false, { { 0, "gj" } } }
{ "msg_showcmd", "sl:1", "tick:146", false, { { 0, "gj" } } }
{ "msg_showcmd", "sl:1", "tick:148", false, { { 0, "gj" } } }
{ "msg_showcmd", "sl:1", "tick:150", false, { { 0, "gj" } } }
{ "msg_showcmd", "sl:1", "tick:152", false, { { 0, "gj" } } }
{ "msg_showcmd", "sl:1", "tick:154", false, { { 0, "gj" } } }
{ "msg_showcmd", "sl:1", "tick:156", false, { { 0, "gj" } } }
{ "msg_showcmd", "sl:1", "tick:158", false, { { 0, "gj" } } }
{ "msg_showcmd", "sl:1", "tick:160", false, { { 0, "gk" } } }
{ "msg_showcmd", "sl:1", "tick:162", false, { { 0, "gk" } } }
{ "msg_showcmd", "sl:1", "tick:164", false, { { 0, "gk" } } }
{ "msg_showcmd", "sl:1", "tick:166", false, { { 0, "gk" } } }
{ "msg_showcmd", "sl:1", "tick:168", false, { { 0, "gk" } } }
{ "msg_showcmd", "sl:1", "tick:170", false, { { 0, "gj" } } }
{ "msg_showcmd", "sl:1", "tick:172", false, { { 0, "G" } } }
{ "msg_showcmd", "sl:1", "tick:173", false, { { 0, "623" } } }
{ "msg_showcmd", "sl:1", "tick:175", false, { { 0, "-" } } }
{ "msg_showcmd", "sl:1", "tick:176", false, { { 0, "622" } } }
{ "msg_showcmd", "sl:1", "tick:178", false, { { 0, "^[" } } }
{ "msg_showcmd", "sl:1", "tick:180", false, { { 0, "gj" } } }
{ "msg_showcmd", "sl:1", "tick:182", false, { { 0, "gg" } } }
{ "msg_showcmd", "sl:1", "tick:184", false, { { 0, "gj" } } }
{ "msg_showcmd", "sl:1", "tick:186", false, { { 0, "gj" } } }
{ "msg_showcmd", "sl:1", "tick:188", false, { { 0, "^P" } } }
{ "msg_showcmd", "sl:1", "tick:190", false, { { 0, "^\\" } } }
{ "msg_showcmd", "sl:1", "tick:191", false, { { 0, "^\\^_" } } }
{ "msg_showcmd", "sl:1", "tick:193", false, { { 0, "G" } } }
{ "msg_showcmd", "sl:1", "tick:194", false, { { 0, "623" } } }
{ "msg_showcmd", "sl:1", "tick:196", false, { { 0, "q" } } }
{ "msg_showcmd", "sl:1", "tick:197", false, { { 0, "q^[" } } }
{ "msg_showcmd", "sl:1", "tick:198", false, { { 0, "623" } } }
{ "msg_showcmd", "sl:1", "tick:200", false, { { 0, "gj" } } }
{ "msg_showcmd", "sl:1", "tick:201", false, { { 0, "623" } } }
{ "msg_showcmd", "sl:1", "tick:203", false, { { 0, "gk" } } }
{ "msg_showcmd", "sl:1", "tick:204", false, { { 0, "622" } } }
{ "msg_showcmd", "sl:1", "tick:206", false, { { 0, "q" } } }
{ "msg_showcmd", "sl:1", "tick:207", false, { { 0, "q^M" } } }
{ "msg_showcmd", "sl:1", "tick:208", false, { { 0, "622" } } }
{ "msg_showcmd", "sl:1", "tick:210", false, { { 0, "^[" } } }
{ "msg_showcmd", "sl:1", "tick:212", false, { { 0, "^[" } } }
{ "msg_showcmd", "sl:1", "tick:214", false, { { 0, "gj" } } }
{ "msg_showcmd", "sl:1", "tick:216", false, { { 0, "gk" } } }
{ "msg_showcmd", "sl:1", "tick:218", false, { { 0, "gk" } } }
{ "msg_showcmd", "sl:1", "tick:220", false, { { 0, "gk" } } }
{ "msg_showcmd", "sl:1", "tick:222", false, { { 0, "gg" } } }
{ "msg_showcmd", "sl:1", "tick:224", false, { { 0, "gj" } } }
{ "msg_showcmd", "sl:1", "tick:226", false, { { 0, "gj" } } }
{ "msg_showcmd", "sl:1", "tick:228", false, { { 0, "gj" } } }
{ "msg_showcmd", "sl:1", "tick:230", false, { { 0, "gj" } } }
{ "msg_showcmd", "sl:1", "tick:232", false, { { 0, "gj" } } }
{ "msg_showcmd", "sl:1", "tick:234", false, { { 0, "gj" } } }
{ "msg_showcmd", "sl:1", "tick:236", false, { { 0, "gj" } } }
{ "msg_showcmd", "sl:1", "tick:238", false, { { 0, "gj" } } }
{ "msg_showcmd", "sl:1", "tick:240", false, { { 0, "gj" } } }
{ "msg_showcmd", "sl:1", "tick:242", false, { { 0, "gj" } } }
{ "msg_showcmd", "sl:1", "tick:244", false, { { 0, "gj" } } }
{ "msg_showcmd", "sl:1", "tick:246", false, { { 0, "gj" } } }
{ "msg_showcmd", "sl:1", "tick:248", false, { { 0, "gj" } } }
{ "msg_showcmd", "sl:1", "tick:250", false, { { 0, "gj" } } }
{ "msg_showcmd", "sl:1", "tick:252", false, { { 0, "gj" } } }
{ "msg_showcmd", "sl:1", "tick:254", false, { { 0, "gj" } } }
{ "msg_showcmd", "sl:1", "tick:256", false, { { 0, "gj" } } }
{ "msg_showcmd", "sl:1", "tick:258", false, { { 0, "gj" } } }
{ "msg_showcmd", "sl:1", "tick:260", false, { { 0, "gj" } } }
{ "msg_showcmd", "sl:1", "tick:262", false, { { 0, "gj" } } }
{ "msg_showcmd", "sl:1", "tick:264", false, { { 0, "gj" } } }
{ "msg_showcmd", "sl:1", "tick:266", false, { { 0, "gj" } } }
{ "msg_showcmd", "sl:1", "tick:268", false, { { 0, "gj" } } }
{ "msg_showcmd", "sl:1", "tick:270", false, { { 0, "gj" } } }
{ "msg_showcmd", "sl:1", "tick:272", false, { { 0, "gj" } } }
{ "msg_showcmd", "sl:1", "tick:274", false, { { 0, "gj" } } }
{ "msg_showcmd", "sl:1", "tick:276", false, { { 0, "gj" } } }
{ "msg_showcmd", "sl:1", "tick:278", false, { { 0, "gj" } } }
{ "msg_showcmd", "sl:1", "tick:280", false, { { 0, "gj" } } }
{ "msg_showcmd", "sl:1", "tick:282", false, { { 0, "gj" } } }
{ "msg_showcmd", "sl:1", "tick:284", false, { { 0, "gj" } } }
{ "msg_showcmd", "sl:1", "tick:286", false, { { 0, "gj" } } }
{ "msg_showcmd", "sl:1", "tick:288", false, { { 0, "gj" } } }
{ "msg_showcmd", "sl:1", "tick:290", false, { { 0, "gj" } } }
{ "msg_showcmd", "sl:1", "tick:292", false, { { 0, "gj" } } }
{ "msg_showcmd", "sl:1", "tick:294", false, { { 0, "gj" } } }
{ "msg_showcmd", "sl:1", "tick:296", false, { { 0, "gj" } } }
{ "msg_showcmd", "sl:1", "tick:298", false, { { 0, "gj" } } }
{ "msg_showcmd", "sl:1", "tick:300", false, { { 0, "gj" } } }
{ "msg_showcmd", "sl:1", "tick:302", false, { { 0, "gj" } } }
{ "msg_showcmd", "sl:1", "tick:304", false, { { 0, "gj" } } }
{ "msg_showcmd", "sl:1", "tick:306", false, { { 0, "gj" } } }
{ "msg_showcmd", "sl:1", "tick:308", false, { { 0, "gj" } } }
{ "msg_showcmd", "sl:1", "tick:310", false, { { 0, "gj" } } }
{ "msg_showcmd", "sl:1", "tick:312", false, { { 0, "gj" } } }
{ "msg_showcmd", "sl:1", "tick:314", false, { { 0, "gj" } } }
{ "msg_showcmd", "sl:1", "tick:316", false, { { 0, "gj" } } }
{ "msg_showcmd", "sl:1", "tick:318", false, { { 0, "gj" } } }
{ "msg_showcmd", "sl:1", "tick:320", false, { { 0, "gj" } } }
{ "msg_showcmd", "sl:1", "tick:322", false, { { 0, "gj" } } }
{ "msg_showcmd", "sl:1", "tick:324", false, { { 0, "gj" } } }
{ "msg_showcmd", "sl:1", "tick:326", false, { { 0, "gj" } } }
{ "msg_showcmd", "sl:1", "tick:328", false, { { 0, "gj" } } }
{ "msg_showcmd", "sl:1", "tick:330", false, { { 0, "gj" } } }
{ "msg_showcmd", "sl:1", "tick:332", false, { { 0, "gj" } } }
{ "msg_showcmd", "sl:1", "tick:334", false, { { 0, "gj" } } }
{ "msg_showcmd", "sl:1", "tick:336", false, { { 0, "gj" } } }
{ "msg_showcmd", "sl:1", "tick:338", false, { { 0, "gj" } } }
{ "msg_showcmd", "sl:1", "tick:340", false, { { 0, "gj" } } }
{ "msg_showcmd", "sl:1", "tick:342", false, { { 0, "gj" } } }
{ "msg_showcmd", "sl:1", "tick:344", false, { { 0, "gj" } } }
{ "msg_showcmd", "sl:1", "tick:346", false, { { 0, "gj" } } }
{ "msg_showcmd", "sl:1", "tick:348", false, { { 0, "gj" } } }
{ "msg_showcmd", "sl:1", "tick:350", false, { { 0, "gj" } } }
{ "msg_showcmd", "sl:1", "tick:352", false, { { 0, "gj" } } }
{ "msg_showcmd", "sl:1", "tick:354", false, { { 0, "gj" } } }
{ "msg_showcmd", "sl:1", "tick:356", false, { { 0, "gj" } } }
{ "msg_showcmd", "sl:1", "tick:358", false, { { 0, "gj" } } }
{ "msg_showcmd", "sl:1", "tick:360", false, { { 0, "gj" } } }
{ "msg_showcmd", "sl:1", "tick:362", false, { { 0, "gj" } } }
{ "msg_showcmd", "sl:1", "tick:364", false, { { 0, "gj" } } }
{ "msg_showcmd", "sl:1", "tick:366", false, { { 0, "gj" } } }
{ "msg_showcmd", "sl:1", "tick:368", false, { { 0, "gj" } } }
{ "msg_showcmd", "sl:1", "tick:370", false, { { 0, "gj" } } }
{ "msg_showcmd", "sl:1", "tick:372", false, { { 0, "gj" } } }
{ "msg_showcmd", "sl:1", "tick:374", false, { { 0, "gj" } } }
{ "msg_showcmd", "sl:1", "tick:376", false, { { 0, "gj" } } }
{ "msg_showcmd", "sl:1", "tick:378", false, { { 0, "gj" } } }
{ "msg_showcmd", "sl:1", "tick:380", false, { { 0, "gj" } } }
{ "msg_showcmd", "sl:1", "tick:382", false, { { 0, "gj" } } }
{ "msg_showcmd", "sl:1", "tick:384", false, { { 0, "gj" } } }
{ "msg_showcmd", "sl:1", "tick:386", false, { { 0, "gj" } } }
{ "msg_showcmd", "sl:1", "tick:388", false, { { 0, "gj" } } }
{ "msg_showcmd", "sl:1", "tick:390", false, { { 0, "gj" } } }
{ "msg_showcmd", "sl:1", "tick:392", false, { { 0, "gj" } } }
{ "msg_showcmd", "sl:1", "tick:394", false, { { 0, "gj" } } }
{ "msg_showcmd", "sl:1", "tick:396", false, { { 0, "gj" } } }
{ "msg_showcmd", "sl:1", "tick:398", false, { { 0, "gj" } } }
{ "msg_showcmd", "sl:1", "tick:400", false, { { 0, "gj" } } }
{ "msg_showcmd", "sl:1", "tick:402", false, { { 0, "gj" } } }
{ "msg_showcmd", "sl:1", "tick:404", false, { { 0, "gj" } } }
{ "msg_showcmd", "sl:1", "tick:406", false, { { 0, "gj" } } }
{ "msg_showcmd", "sl:1", "tick:408", false, { { 0, "gj" } } }
{ "msg_showcmd", "sl:1", "tick:410", false, { { 0, "gj" } } }
{ "msg_showcmd", "sl:1", "tick:412", false, { { 0, "gj" } } }
{ "msg_showcmd", "sl:1", "tick:414", false, { { 0, "gj" } } }
{ "msg_showcmd", "sl:1", "tick:416", false, { { 0, "gj" } } }
{ "msg_showcmd", "sl:1", "tick:418", false, { { 0, "gj" } } }
{ "msg_showcmd", "sl:1", "tick:420", false, { { 0, "gj" } } }
{ "msg_showcmd", "sl:1", "tick:422", false, { { 0, "gj" } } }
{ "msg_showcmd", "sl:1", "tick:424", false, { { 0, "gj" } } }
{ "msg_showcmd", "sl:1", "tick:426", false, { { 0, "gj" } } }
{ "msg_showcmd", "sl:1", "tick:428", false, { { 0, "gj" } } }
{ "msg_showcmd", "sl:1", "tick:430", false, { { 0, "gj" } } }
{ "msg_showcmd", "sl:1", "tick:432", false, { { 0, "gj" } } }
{ "msg_showcmd", "sl:1", "tick:434", false, { { 0, "gj" } } }
{ "msg_showcmd", "sl:1", "tick:436", false, { { 0, "gj" } } }
{ "msg_showcmd", "sl:1", "tick:438", false, { { 0, "gj" } } }
{ "msg_showcmd", "sl:1", "tick:440", false, { { 0, "gj" } } }
{ "msg_showcmd", "sl:1", "tick:442", false, { { 0, "gj" } } }
{ "msg_showcmd", "sl:1", "tick:444", false, { { 0, "gj" } } }
{ "msg_showcmd", "sl:1", "tick:446", false, { { 0, "gj" } } }
{ "msg_showcmd", "sl:1", "tick:448", false, { { 0, "gj" } } }
{ "msg_showcmd", "sl:1", "tick:450", false, { { 0, "gj" } } }
{ "msg_showcmd", "sl:1", "tick:452", false, { { 0, "gj" } } }
{ "msg_showcmd", "sl:1", "tick:454", false, { { 0, "gj" } } }
{ "msg_showcmd", "sl:1", "tick:456", false, { { 0, "gj" } } }
{ "msg_showcmd", "sl:1", "tick:458", false, { { 0, "gj" } } }
{ "msg_showcmd", "sl:1", "tick:460", false, { { 0, "gj" } } }
{ "msg_showcmd", "sl:1", "tick:462", false, { { 0, "gj" } } }
{ "msg_showcmd", "sl:1", "tick:464", false, { { 0, "gj" } } }
{ "msg_showcmd", "sl:1", "tick:466", false, { { 0, "gj" } } }
{ "msg_showcmd", "sl:1", "tick:468", false, { { 0, "gj" } } }
{ "msg_showcmd", "sl:1", "tick:470", false, { { 0, "gj" } } }
{ "msg_showcmd", "sl:1", "tick:472", false, { { 0, "gj" } } }
{ "msg_showcmd", "sl:1", "tick:474", false, { { 0, "gj" } } }
{ "msg_showcmd", "sl:1", "tick:476", false, { { 0, "gj" } } }
{ "msg_showcmd", "sl:1", "tick:478", false, { { 0, "gj" } } }
{ "msg_showcmd", "sl:1", "tick:480", false, { { 0, "gj" } } }
{ "msg_showcmd", "sl:1", "tick:482", false, { { 0, "gj" } } }
{ "msg_showcmd", "sl:1", "tick:484", false, { { 0, "gj" } } }
{ "msg_showcmd", "sl:1", "tick:486", false, { { 0, "gj" } } }
{ "msg_showcmd", "sl:1", "tick:488", false, { { 0, "gj" } } }
{ "msg_showcmd", "sl:1", "tick:490", false, { { 0, "gj" } } }
{ "msg_showcmd", "sl:1", "tick:492", false, { { 0, "gj" } } }
{ "msg_showcmd", "sl:1", "tick:494", false, { { 0, "gj" } } }
{ "msg_showcmd", "sl:1", "tick:496", false, { { 0, "gj" } } }
{ "msg_showcmd", "sl:1", "tick:498", false, { { 0, "gj" } } }
{ "msg_showcmd", "sl:1", "tick:500", false, { { 0, "gj" } } }
{ "msg_showcmd", "sl:1", "tick:502", false, { { 0, "gj" } } }
{ "msg_showcmd", "sl:1", "tick:504", false, { { 0, "gj" } } }
{ "msg_showcmd", "sl:1", "tick:506", false, { { 0, "gj" } } }
{ "msg_showcmd", "sl:1", "tick:508", false, { { 0, "gj" } } }
{ "msg_showcmd", "sl:1", "tick:510", false, { { 0, "gj" } } }
{ "msg_showcmd", "sl:1", "tick:512", false, { { 0, "gj" } } }
{ "msg_showcmd", "sl:1", "tick:514", false, { { 0, "gj" } } }
{ "msg_showcmd", "sl:1", "tick:516", false, { { 0, "gj" } } }
{ "msg_showcmd", "sl:1", "tick:518", false, { { 0, "gj" } } }
{ "msg_showcmd", "sl:1", "tick:520", false, { { 0, "gj" } } }
{ "msg_showcmd", "sl:1", "tick:522", false, { { 0, "gj" } } }
{ "msg_showcmd", "sl:1", "tick:524", false, { { 0, "gj" } } }
{ "msg_showcmd", "sl:1", "tick:526", false, { { 0, "gj" } } }
{ "msg_showcmd", "sl:1", "tick:528", false, { { 0, "gj" } } }
{ "msg_showcmd", "sl:1", "tick:530", false, { { 0, "gj" } } }
{ "msg_showcmd", "sl:1", "tick:532", false, { { 0, "gj" } } }
{ "msg_showcmd", "sl:1", "tick:534", false, { { 0, "gj" } } }
{ "msg_showcmd", "sl:1", "tick:536", false, { { 0, "gj" } } }
{ "msg_showcmd", "sl:1", "tick:538", false, { { 0, "gj" } } }
{ "msg_showcmd", "sl:1", "tick:540", false, { { 0, "gj" } } }
{ "msg_showcmd", "sl:1", "tick:542", false, { { 0, "gj" } } }
{ "msg_showcmd", "sl:1", "tick:544", false, { { 0, "gj" } } }
{ "msg_showcmd", "sl:1", "tick:546", false, { { 0, "gj" } } }
{ "msg_showcmd", "sl:1", "tick:548", false, { { 0, "gj" } } }
{ "msg_showcmd", "sl:1", "tick:550", false, { { 0, "gj" } } }
{ "msg_showcmd", "sl:1", "tick:552", false, { { 0, "gj" } } }
{ "msg_showcmd", "sl:1", "tick:554", false, { { 0, "gj" } } }
{ "msg_showcmd", "sl:1", "tick:556", false, { { 0, "gj" } } }
{ "msg_showcmd", "sl:1", "tick:558", false, { { 0, "gj" } } }
{ "msg_showcmd", "sl:1", "tick:560", false, { { 0, "gj" } } }
{ "msg_showcmd", "sl:1", "tick:562", false, { { 0, "gj" } } }
{ "msg_showcmd", "sl:1", "tick:564", false, { { 0, "gj" } } }
{ "msg_showcmd", "sl:1", "tick:566", false, { { 0, "gj" } } }
{ "msg_showcmd", "sl:1", "tick:568", false, { { 0, "gj" } } }
{ "msg_showcmd", "sl:1", "tick:570", false, { { 0, "gj" } } }
{ "msg_showcmd", "sl:1", "tick:572", false, { { 0, "gj" } } }
{ "msg_showcmd", "sl:1", "tick:574", false, { { 0, "gj" } } }
{ "msg_showcmd", "sl:1", "tick:576", false, { { 0, "gj" } } }
{ "msg_showcmd", "sl:1", "tick:578", false, { { 0, "gj" } } }
{ "msg_showcmd", "sl:1", "tick:580", false, { { 0, "gj" } } }
{ "msg_showcmd", "sl:1", "tick:582", false, { { 0, "gj" } } }
{ "msg_showcmd", "sl:1", "tick:584", false, { { 0, "gj" } } }
{ "msg_showcmd", "sl:1", "tick:586", false, { { 0, "gj" } } }
{ "msg_showcmd", "sl:1", "tick:588", false, { { 0, "gj" } } }
{ "msg_showcmd", "sl:1", "tick:590", false, { { 0, "gj" } } }
{ "msg_showcmd", "sl:1", "tick:592", false, { { 0, "gj" } } }
{ "msg_showcmd", "sl:1", "tick:594", false, { { 0, "gj" } } }
{ "msg_showcmd", "sl:1", "tick:596", false, { { 0, "gj" } } }
{ "msg_showcmd", "sl:1", "tick:598", false, { { 0, "gj" } } }
{ "msg_showcmd", "sl:1", "tick:600", false, { { 0, "gj" } } }
{ "msg_showcmd", "sl:1", "tick:602", false, { { 0, "gj" } } }
{ "msg_showcmd", "sl:1", "tick:604", false, { { 0, "gj" } } }
{ "msg_showcmd", "sl:1", "tick:606", false, { { 0, "gj" } } }
{ "msg_showcmd", "sl:1", "tick:608", false, { { 0, "gj" } } }
{ "msg_showcmd", "sl:1", "tick:610", false, { { 0, "gj" } } }
{ "msg_showcmd", "sl:1", "tick:612", false, { { 0, "gj" } } }
{ "msg_showcmd", "sl:1", "tick:614", false, { { 0, "gj" } } }
{ "msg_showcmd", "sl:1", "tick:616", false, { { 0, "gj" } } }
{ "msg_showcmd", "sl:1", "tick:618", false, { { 0, "gj" } } }
{ "msg_showcmd", "sl:1", "tick:620", false, { { 0, "gj" } } }
{ "msg_showcmd", "sl:1", "tick:622", false, { { 0, "gj" } } }
{ "msg_showcmd", "sl:1", "tick:624", false, { { 0, "gj" } } }
{ "msg_showcmd", "sl:1", "tick:626", false, { { 0, "gj" } } }
{ "msg_showcmd", "sl:1", "tick:628", false, { { 0, "gj" } } }
{ "msg_showcmd", "sl:1", "tick:630", false, { { 0, "gj" } } }
{ "msg_showcmd", "sl:1", "tick:632", false, { { 0, "gj" } } }
{ "msg_showcmd", "sl:1", "tick:634", false, { { 0, "gj" } } }
{ "msg_showcmd", "sl:1", "tick:636", false, { { 0, "gj" } } }
{ "msg_showcmd", "sl:1", "tick:638", false, { { 0, "gj" } } }
{ "msg_showcmd", "sl:1", "tick:640", false, { { 0, "gj" } } }
{ "msg_showcmd", "sl:1", "tick:642", false, { { 0, "gj" } } }
{ "msg_showcmd", "sl:1", "tick:644", false, { { 0, "gj" } } }
{ "msg_showcmd", "sl:1", "tick:646", false, { { 0, "gj" } } }
{ "msg_showcmd", "sl:1", "tick:648", false, { { 0, "gj" } } }
{ "msg_showcmd", "sl:1", "tick:650", false, { { 0, "gj" } } }
{ "msg_showcmd", "sl:1", "tick:652", false, { { 0, "gj" } } }
{ "msg_showcmd", "sl:1", "tick:654", false, { { 0, "gj" } } }
{ "msg_showcmd", "sl:1", "tick:656", false, { { 0, "gj" } } }
{ "msg_showcmd", "sl:1", "tick:658", false, { { 0, "gj" } } }
{ "msg_showcmd", "sl:1", "tick:660", false, { { 0, "gj" } } }
{ "msg_showcmd", "sl:1", "tick:662", false, { { 0, "gj" } } }
{ "msg_showcmd", "sl:1", "tick:664", false, { { 0, "gj" } } }
{ "msg_showcmd", "sl:1", "tick:666", false, { { 0, "gj" } } }
{ "msg_showcmd", "sl:1", "tick:668", false, { { 0, "gj" } } }
{ "msg_showcmd", "sl:1", "tick:670", false, { { 0, "gj" } } }
{ "msg_showcmd", "sl:1", "tick:672", false, { { 0, "gj" } } }
{ "msg_showcmd", "sl:1", "tick:674", false, { { 0, "gj" } } }
{ "msg_showcmd", "sl:1", "tick:676", false, { { 0, "gj" } } }
{ "msg_showcmd", "sl:1", "tick:678", false, { { 0, "gj" } } }
{ "msg_showcmd", "sl:1", "tick:680", false, { { 0, "gj" } } }
{ "msg_showcmd", "sl:1", "tick:682", false, { { 0, "gj" } } }
{ "msg_showcmd", "sl:1", "tick:684", false, { { 0, "gj" } } }
{ "msg_showcmd", "sl:1", "tick:686", false, { { 0, "gj" } } }
{ "msg_showcmd", "sl:1", "tick:688", false, { { 0, "gj" } } }
{ "msg_showcmd", "sl:1", "tick:690", false, { { 0, "gj" } } }
{ "msg_showcmd", "sl:1", "tick:692", false, { { 0, "gj" } } }
{ "msg_showcmd", "sl:1", "tick:694", false, { { 0, "gj" } } }
{ "msg_showcmd", "sl:1", "tick:696", false, { { 0, "gj" } } }
{ "msg_showcmd", "sl:1", "tick:698", false, { { 0, "gj" } } }
{ "msg_showcmd", "sl:1", "tick:700", false, { { 0, "gj" } } }
{ "msg_showcmd", "sl:1", "tick:702", false, { { 0, "gj" } } }
{ "msg_showcmd", "sl:1", "tick:704", false, { { 0, "gj" } } }
{ "msg_showcmd", "sl:1", "tick:706", false, { { 0, "gj" } } }
{ "msg_showcmd", "sl:1", "tick:708", false, { { 0, "gj" } } }
{ "msg_showcmd", "sl:1", "tick:710", false, { { 0, "gj" } } }
{ "msg_showcmd", "sl:1", "tick:712", false, { { 0, "gj" } } }
{ "msg_showcmd", "sl:1", "tick:714", false, { { 0, "gj" } } }
{ "msg_showcmd", "sl:1", "tick:716", false, { { 0, "gj" } } }
{ "msg_showcmd", "sl:1", "tick:718", false, { { 0, "gj" } } }
{ "msg_showcmd", "sl:1", "tick:720", false, { { 0, "gj" } } }
{ "msg_showcmd", "sl:1", "tick:722", false, { { 0, "gj" } } }
{ "msg_showcmd", "sl:1", "tick:724", false, { { 0, "gj" } } }
{ "msg_showcmd", "sl:1", "tick:726", false, { { 0, "gj" } } }
{ "msg_showcmd", "sl:1", "tick:728", false, { { 0, "gj" } } }
{ "msg_showcmd", "sl:1", "tick:730", false, { { 0, "gj" } } }
{ "msg_showcmd", "sl:1", "tick:732", false, { { 0, "gj" } } }
{ "msg_showcmd", "sl:1", "tick:734", false, { { 0, "gj" } } }
{ "msg_showcmd", "sl:1", "tick:736", false, { { 0, "gj" } } }
{ "msg_showcmd", "sl:1", "tick:738", false, { { 0, "gj" } } }
{ "msg_showcmd", "sl:1", "tick:740", false, { { 0, "gj" } } }
{ "msg_showcmd", "sl:1", "tick:742", false, { { 0, "gj" } } }
{ "msg_showcmd", "sl:1", "tick:744", false, { { 0, "gj" } } }
{ "msg_showcmd", "sl:1", "tick:746", false, { { 0, "gj" } } }
{ "msg_showcmd", "sl:1", "tick:748", false, { { 0, "gj" } } }
{ "msg_showcmd", "sl:1", "tick:750", false, { { 0, "gj" } } }
{ "msg_showcmd", "sl:1", "tick:752", false, { { 0, "gj" } } }
{ "msg_showcmd", "sl:1", "tick:754", false, { { 0, "gj" } } }
{ "msg_showcmd", "sl:1", "tick:756", false, { { 0, "gj" } } }
{ "msg_showcmd", "sl:1", "tick:758", false, { { 0, "gj" } } }
{ "msg_showcmd", "sl:1", "tick:760", false, { { 0, "gj" } } }
{ "msg_showcmd", "sl:1", "tick:762", false, { { 0, "gj" } } }
{ "msg_showcmd", "sl:1", "tick:764", false, { { 0, "gj" } } }
{ "msg_showcmd", "sl:1", "tick:766", false, { { 0, "gj" } } }
{ "msg_showcmd", "sl:1", "tick:768", false, { { 0, "gj" } } }
{ "msg_showcmd", "sl:1", "tick:770", false, { { 0, "gj" } } }
{ "msg_showcmd", "sl:1", "tick:772", false, { { 0, "gj" } } }
{ "msg_showcmd", "sl:1", "tick:774", false, { { 0, "gj" } } }
{ "msg_showcmd", "sl:1", "tick:776", false, { { 0, "gj" } } }
{ "msg_showcmd", "sl:1", "tick:778", false, { { 0, "gj" } } }
{ "msg_showcmd", "sl:1", "tick:780", false, { { 0, "gj" } } }
{ "msg_showcmd", "sl:1", "tick:782", false, { { 0, "gj" } } }
{ "msg_showcmd", "sl:1", "tick:784", false, { { 0, "gj" } } }
{ "msg_showcmd", "sl:1", "tick:786", false, { { 0, "gj" } } }
{ "msg_showcmd", "sl:1", "tick:788", false, { { 0, "gj" } } }
{ "msg_showcmd", "sl:1", "tick:790", false, { { 0, "gj" } } }
{ "msg_showcmd", "sl:1", "tick:792", false, { { 0, "gj" } } }
{ "msg_showcmd", "sl:1", "tick:794", false, { { 0, "gj" } } }
{ "msg_showcmd", "sl:1", "tick:796", false, { { 0, "gj" } } }
{ "msg_showcmd", "sl:1", "tick:798", false, { { 0, "gj" } } }
{ "msg_showcmd", "sl:1", "tick:800", false, { { 0, "gj" } } }
{ "msg_showcmd", "sl:1", "tick:802", false, { { 0, ":" } } }
{ "cmdline_show", "sl:1", "tick:803", "mode:c", { { 0, "" } } }
{ "cmdline_show", "sl:1", "tick:806", "mode:c", { { 0, "T" } } }
{ "cmdline_show", "sl:1", "tick:808", "mode:c", { { 0, "TS" } } }
{ "cmdline_show", "sl:1", "tick:810", "mode:c", { { 0, "TSU" } } }
{ "cmdline_show", "sl:1", "tick:812", "mode:c", { { 0, "TSUp" } } }
{ "cmdline_show", "sl:1", "tick:814", "mode:c", { { 0, "TSUpd" } } }
{ "cmdline_show", "sl:1", "tick:816", "mode:c", { { 0, "TSUpda" } } }
{ "cmdline_show", "sl:1", "tick:818", "mode:c", { { 0, "TSUpdat" } } }
{ "cmdline_show", "sl:1", "tick:820", "mode:c", { { 0, "TSUpdate" } } }
{ "cmdline_show", "sl:1", "tick:822", "mode:c", { { 0, "TSUpdate " } } }
{ "cmdline_show", "sl:1", "tick:824", "mode:c", { { 0, "TSUpdate r" } } }
{ "cmdline_show", "sl:1", "tick:826", "mode:c", { { 0, "TSUpdate re" } } }
{ "cmdline_show", "sl:1", "tick:828", "mode:c", { { 0, "TSUpdate reg" } } }
{ "cmdline_show", "sl:1", "tick:830", "mode:c", { { 0, "TSUpdate rege" } } }
{ "cmdline_show", "sl:1", "tick:832", "mode:c", { { 0, "TSUpdate regex" } } }
{ "cmdline_hide", "sl:1", "tick:834", false, 1 }
{ "msg_show", "sl:1", "tick:835", false, "" }
{ "msg_show", "sl:1", "tick:837", false, "" }
{ "msg_show", "sl:1", "tick:839", false, "" }
{ "msg_show", "sl:1", "tick:841", false, "" }
{ "msg_show", "sl:1", "tick:843", false, "" }
{ "msg_showcmd", "sl:1", "tick:845", false, { { 0, "^Wq" } } }
{ "msg_showcmd", "sl:1", "tick:847", false, { { 0, "gj" } } }
{ "msg_showcmd", "sl:1", "tick:849", false, { { 0, ":" } } }
{ "cmdline_show", "sl:1", "tick:850", "mode:c", { { 0, "" } } }
{ "cmdline_show", "sl:1", "tick:853", "mode:c", { { 0, "c" } } }
{ "cmdline_show", "sl:1", "tick:855", "mode:c", { { 0, "ch" } } }
{ "cmdline_show", "sl:1", "tick:857", "mode:c", { { 0, "che" } } }
{ "cmdline_show", "sl:1", "tick:859", "mode:c", { { 0, "chec" } } }
{ "cmdline_show", "sl:1", "tick:861", "mode:c", { { 0, "check" } } }
{ "cmdline_show", "sl:1", "tick:863", "mode:c", { { 0, "checkh" } } }
{ "cmdline_show", "sl:1", "tick:865", "mode:c", { { 0, "checkhe" } } }
{ "cmdline_show", "sl:1", "tick:867", "mode:c", { { 0, "checkhea" } } }
{ "cmdline_show", "sl:1", "tick:869", "mode:c", { { 0, "checkheal" } } }
{ "cmdline_show", "sl:1", "tick:871", "mode:c", { { 0, "checkhealt" } } }
{ "cmdline_show", "sl:1", "tick:873", "mode:c", { { 0, "checkhealth" } } }
{ "cmdline_hide", "sl:1", "tick:875", false, 1 }
{ "msg_showcmd", "sl:1", "tick:880", false, { { 0, "^Wq" } } }
{ "msg_showcmd", "sl:1", "tick:882", false, { { 0, "gj" } } }
{ "msg_showcmd", "sl:1", "tick:884", false, { { 0, "gj" } } }
{ "msg_showcmd", "sl:1", "tick:886", false, { { 0, "gj" } } }
{ "msg_showcmd", "sl:1", "tick:888", false, { { 0, "gj" } } }
{ "msg_showcmd", "sl:1", "tick:890", false, { { 0, ":" } } }
{ "cmdline_show", "sl:1", "tick:891", "mode:c", { { 0, "" } } }
{ "cmdline_show", "sl:1", "tick:894", "mode:c", { { 0, "c" } } }
{ "cmdline_show", "sl:1", "tick:896", "mode:c", { { 0, "ch" } } }
{ "cmdline_show", "sl:1", "tick:898", "mode:c", { { 0, "che" } } }
{ "cmdline_show", "sl:1", "tick:900", "mode:c", { { 0, "chec" } } }
{ "cmdline_show", "sl:1", "tick:902", "mode:c", { { 0, "check" } } }
{ "cmdline_show", "sl:1", "tick:904", "mode:c", { { 0, "checkh" } } }
{ "cmdline_show", "sl:1", "tick:906", "mode:c", { { 0, "checkhe" } } }
{ "cmdline_show", "sl:1", "tick:908", "mode:c", { { 0, "checkhea" } } }
{ "cmdline_show", "sl:1", "tick:910", "mode:c", { { 0, "checkheal" } } }
{ "cmdline_show", "sl:1", "tick:912", "mode:c", { { 0, "checkhealt" } } }
{ "cmdline_show", "sl:1", "tick:914", "mode:c", { { 0, "checkhealth" } } }
{ "cmdline_hide", "sl:1", "tick:916", false, 1 }
{ "msg_showcmd", "sl:1", "tick:920", false, { { 0, "gj" } } }
{ "msg_showcmd", "sl:1", "tick:923", false, { { 0, "gj" } } }
{ "msg_showcmd", "sl:1", "tick:925", false, { { 0, "gj" } } }
{ "msg_showcmd", "sl:1", "tick:927", false, { { 0, "gj" } } }
{ "msg_showcmd", "sl:1", "tick:929", false, { { 0, "gj" } } }
{ "msg_showcmd", "sl:1", "tick:931", false, { { 0, "gj" } } }
{ "msg_showcmd", "sl:1", "tick:933", false, { { 0, "gj" } } }
{ "msg_showcmd", "sl:1", "tick:935", false, { { 0, "gj" } } }
{ "msg_showcmd", "sl:1", "tick:937", false, { { 0, "gj" } } }
{ "msg_showcmd", "sl:1", "tick:939", false, { { 0, "gj" } } }
{ "msg_showcmd", "sl:1", "tick:941", false, { { 0, "gj" } } }
{ "msg_showcmd", "sl:1", "tick:943", false, { { 0, "gj" } } }
{ "msg_showcmd", "sl:1", "tick:945", false, { { 0, "gj" } } }
{ "msg_showcmd", "sl:1", "tick:947", false, { { 0, "gj" } } }
{ "msg_showcmd", "sl:1", "tick:949", false, { { 0, "gj" } } }
{ "msg_showcmd", "sl:1", "tick:951", false, { { 0, "gj" } } }
{ "msg_showcmd", "sl:1", "tick:953", false, { { 0, "gj" } } }
{ "msg_showcmd", "sl:1", "tick:955", false, { { 0, "gj" } } }
{ "msg_showcmd", "sl:1", "tick:957", false, { { 0, "gj" } } }
{ "msg_showcmd", "sl:1", "tick:959", false, { { 0, "gj" } } }
{ "msg_showcmd", "sl:1", "tick:961", false, { { 0, "gj" } } }
{ "msg_showcmd", "sl:1", "tick:963", false, { { 0, "gj" } } }
{ "msg_showcmd", "sl:1", "tick:965", false, { { 0, "gj" } } }
{ "msg_showcmd", "sl:1", "tick:967", false, { { 0, "gj" } } }
{ "msg_showcmd", "sl:1", "tick:969", false, { { 0, "gj" } } }
{ "msg_showcmd", "sl:1", "tick:971", false, { { 0, "gj" } } }
{ "msg_showcmd", "sl:1", "tick:973", false, { { 0, "gj" } } }
{ "msg_showcmd", "sl:1", "tick:975", false, { { 0, "gj" } } }
{ "msg_showcmd", "sl:1", "tick:977", false, { { 0, "gj" } } }
{ "msg_showcmd", "sl:1", "tick:979", false, { { 0, "gj" } } }
{ "msg_showcmd", "sl:1", "tick:981", false, { { 0, "gj" } } }
{ "msg_showcmd", "sl:1", "tick:983", false, { { 0, "gj" } } }
{ "msg_showcmd", "sl:1", "tick:985", false, { { 0, "gj" } } }
{ "msg_showcmd", "sl:1", "tick:987", false, { { 0, "gj" } } }
{ "msg_showcmd", "sl:1", "tick:989", false, { { 0, "gj" } } }
{ "msg_showcmd", "sl:1", "tick:991", false, { { 0, "gj" } } }
{ "msg_showcmd", "sl:1", "tick:993", false, { { 0, "gj" } } }
{ "msg_showcmd", "sl:1", "tick:995", false, { { 0, "gj" } } }
{ "msg_showcmd", "sl:1", "tick:997", false, { { 0, "gj" } } }
{ "msg_showcmd", "sl:1", "tick:999", false, { { 0, "gj" } } }
{ "msg_showcmd", "sl:1", "tick:1001", false, { { 0, "gj" } } }
{ "msg_showcmd", "sl:1", "tick:1003", false, { { 0, "gj" } } }
{ "msg_showcmd", "sl:1", "tick:1005", false, { { 0, "gj" } } }
{ "msg_showcmd", "sl:1", "tick:1007", false, { { 0, "gj" } } }
{ "msg_showcmd", "sl:1", "tick:1009", false, { { 0, "gj" } } }
{ "msg_showcmd", "sl:1", "tick:1011", false, { { 0, "gj" } } }
{ "msg_showcmd", "sl:1", "tick:1013", false, { { 0, "gj" } } }
{ "msg_showcmd", "sl:1", "tick:1015", false, { { 0, "gj" } } }
{ "msg_showcmd", "sl:1", "tick:1017", false, { { 0, "gj" } } }
{ "msg_showcmd", "sl:1", "tick:1019", false, { { 0, "gj" } } }
{ "msg_showcmd", "sl:1", "tick:1021", false, { { 0, "gj" } } }
{ "msg_showcmd", "sl:1", "tick:1023", false, { { 0, "gj" } } }
{ "msg_showcmd", "sl:1", "tick:1025", false, { { 0, "gj" } } }
{ "msg_showcmd", "sl:1", "tick:1027", false, { { 0, "gj" } } }
{ "msg_showcmd", "sl:1", "tick:1029", false, { { 0, "gj" } } }
{ "msg_showcmd", "sl:1", "tick:1031", false, { { 0, "gj" } } }
{ "msg_showcmd", "sl:1", "tick:1033", false, { { 0, "gj" } } }
{ "msg_showcmd", "sl:1", "tick:1035", false, { { 0, "gj" } } }
{ "msg_showcmd", "sl:1", "tick:1037", false, { { 0, "gj" } } }
{ "msg_showcmd", "sl:1", "tick:1039", false, { { 0, "gj" } } }
{ "msg_showcmd", "sl:1", "tick:1041", false, { { 0, "gj" } } }
{ "msg_showcmd", "sl:1", "tick:1043", false, { { 0, "gj" } } }
{ "msg_showcmd", "sl:1", "tick:1045", false, { { 0, "gj" } } }
{ "msg_showcmd", "sl:1", "tick:1047", false, { { 0, "gj" } } }
{ "msg_showcmd", "sl:1", "tick:1049", false, { { 0, "gj" } } }
{ "msg_showcmd", "sl:1", "tick:1051", false, { { 0, "gj" } } }
{ "msg_showcmd", "sl:1", "tick:1053", false, { { 0, "gj" } } }
{ "msg_showcmd", "sl:1", "tick:1055", false, { { 0, "gj" } } }
{ "msg_showcmd", "sl:1", "tick:1057", false, { { 0, "gj" } } }
{ "msg_showcmd", "sl:1", "tick:1059", false, { { 0, "gj" } } }
{ "msg_showcmd", "sl:1", "tick:1061", false, { { 0, "gj" } } }
{ "msg_showcmd", "sl:1", "tick:1063", false, { { 0, "gj" } } }
{ "msg_showcmd", "sl:1", "tick:1065", false, { { 0, "gj" } } }
{ "msg_showcmd", "sl:1", "tick:1067", false, { { 0, "gj" } } }
{ "msg_showcmd", "sl:1", "tick:1069", false, { { 0, "gj" } } }
{ "msg_showcmd", "sl:1", "tick:1071", false, { { 0, "gj" } } }
{ "msg_showcmd", "sl:1", "tick:1073", false, { { 0, "gj" } } }
{ "msg_showcmd", "sl:1", "tick:1075", false, { { 0, "gj" } } }
{ "msg_showcmd", "sl:1", "tick:1077", false, { { 0, "gj" } } }
{ "msg_showcmd", "sl:1", "tick:1079", false, { { 0, "gj" } } }
{ "msg_showcmd", "sl:1", "tick:1081", false, { { 0, "gj" } } }
{ "msg_showcmd", "sl:1", "tick:1083", false, { { 0, "gj" } } }
{ "msg_showcmd", "sl:1", "tick:1085", false, { { 0, "gj" } } }
{ "msg_showcmd", "sl:1", "tick:1087", false, { { 0, "gj" } } }
{ "msg_showcmd", "sl:1", "tick:1089", false, { { 0, "gj" } } }
{ "msg_showcmd", "sl:1", "tick:1091", false, { { 0, "gj" } } }
{ "msg_showcmd", "sl:1", "tick:1093", false, { { 0, "gj" } } }
{ "msg_showcmd", "sl:1", "tick:1095", false, { { 0, "gj" } } }
{ "msg_showcmd", "sl:1", "tick:1097", false, { { 0, "gj" } } }
{ "msg_showcmd", "sl:1", "tick:1099", false, { { 0, "gj" } } }
{ "msg_showcmd", "sl:1", "tick:1101", false, { { 0, "gj" } } }
{ "msg_showcmd", "sl:1", "tick:1103", false, { { 0, "gj" } } }
{ "msg_showcmd", "sl:1", "tick:1105", false, { { 0, "gj" } } }
{ "msg_showcmd", "sl:1", "tick:1107", false, { { 0, "gj" } } }
{ "msg_showcmd", "sl:1", "tick:1109", false, { { 0, "gj" } } }
{ "msg_showcmd", "sl:1", "tick:1111", false, { { 0, "gj" } } }
{ "msg_showcmd", "sl:1", "tick:1113", false, { { 0, "gj" } } }
{ "msg_showcmd", "sl:1", "tick:1115", false, { { 0, "gj" } } }
{ "msg_showcmd", "sl:1", "tick:1117", false, { { 0, "gj" } } }
{ "msg_showcmd", "sl:1", "tick:1119", false, { { 0, "gj" } } }
{ "msg_showcmd", "sl:1", "tick:1121", false, { { 0, "gj" } } }
{ "msg_showcmd", "sl:1", "tick:1123", false, { { 0, "gj" } } }
{ "msg_showcmd", "sl:1", "tick:1125", false, { { 0, "gj" } } }
{ "msg_showcmd", "sl:1", "tick:1127", false, { { 0, "gj" } } }
{ "msg_showcmd", "sl:1", "tick:1129", false, { { 0, "gj" } } }
{ "msg_showcmd", "sl:1", "tick:1131", false, { { 0, "gj" } } }
{ "msg_showcmd", "sl:1", "tick:1133", false, { { 0, "gj" } } }
{ "msg_showcmd", "sl:1", "tick:1135", false, { { 0, "gj" } } }
{ "msg_showcmd", "sl:1", "tick:1137", false, { { 0, "gj" } } }
{ "msg_showcmd", "sl:1", "tick:1139", false, { { 0, "gj" } } }
{ "msg_showcmd", "sl:1", "tick:1141", false, { { 0, "gj" } } }
{ "msg_showcmd", "sl:1", "tick:1143", false, { { 0, "gj" } } }
{ "msg_showcmd", "sl:1", "tick:1145", false, { { 0, "gj" } } }
{ "msg_showcmd", "sl:1", "tick:1147", false, { { 0, "gj" } } }
{ "msg_showcmd", "sl:1", "tick:1149", false, { { 0, "gj" } } }
{ "msg_showcmd", "sl:1", "tick:1151", false, { { 0, "gj" } } }
{ "msg_showcmd", "sl:1", "tick:1153", false, { { 0, "gj" } } }
{ "msg_showcmd", "sl:1", "tick:1155", false, { { 0, "gj" } } }
{ "msg_showcmd", "sl:1", "tick:1157", false, { { 0, "gj" } } }
{ "msg_showcmd", "sl:1", "tick:1159", false, { { 0, "gj" } } }
{ "msg_showcmd", "sl:1", "tick:1161", false, { { 0, "gj" } } }
{ "msg_showcmd", "sl:1", "tick:1163", false, { { 0, "gj" } } }
{ "msg_showcmd", "sl:1", "tick:1165", false, { { 0, "gj" } } }
{ "msg_showcmd", "sl:1", "tick:1167", false, { { 0, "gj" } } }
{ "msg_showcmd", "sl:1", "tick:1169", false, { { 0, "gj" } } }
{ "msg_showcmd", "sl:1", "tick:1171", false, { { 0, "gj" } } }
{ "msg_showcmd", "sl:1", "tick:1173", false, { { 0, "gj" } } }
{ "msg_showcmd", "sl:1", "tick:1175", false, { { 0, "gj" } } }
{ "msg_showcmd", "sl:1", "tick:1177", false, { { 0, "gj" } } }
{ "msg_showcmd", "sl:1", "tick:1179", false, { { 0, "gj" } } }
{ "msg_showcmd", "sl:1", "tick:1181", false, { { 0, "gj" } } }
{ "msg_showcmd", "sl:1", "tick:1183", false, { { 0, "gj" } } }
{ "msg_showcmd", "sl:1", "tick:1185", false, { { 0, "gj" } } }
{ "msg_showcmd", "sl:1", "tick:1187", false, { { 0, "gj" } } }
{ "msg_showcmd", "sl:1", "tick:1189", false, { { 0, "gj" } } }
{ "msg_showcmd", "sl:1", "tick:1191", false, { { 0, "gj" } } }
{ "msg_showcmd", "sl:1", "tick:1193", false, { { 0, "gj" } } }
{ "msg_showcmd", "sl:1", "tick:1195", false, { { 0, "gj" } } }
{ "msg_showcmd", "sl:1", "tick:1197", false, { { 0, "gj" } } }
{ "msg_showcmd", "sl:1", "tick:1199", false, { { 0, "gj" } } }
{ "msg_showcmd", "sl:1", "tick:1201", false, { { 0, "gj" } } }
{ "msg_showcmd", "sl:1", "tick:1203", false, { { 0, "gj" } } }
{ "msg_showcmd", "sl:1", "tick:1205", false, { { 0, "gj" } } }
{ "msg_showcmd", "sl:1", "tick:1207", false, { { 0, "gj" } } }
{ "msg_showcmd", "sl:1", "tick:1209", false, { { 0, "gj" } } }
{ "msg_showcmd", "sl:1", "tick:1211", false, { { 0, "gj" } } }
{ "msg_showcmd", "sl:1", "tick:1213", false, { { 0, "gj" } } }
{ "msg_showcmd", "sl:1", "tick:1215", false, { { 0, "gj" } } }
{ "msg_showcmd", "sl:1", "tick:1217", false, { { 0, "gj" } } }
{ "msg_showcmd", "sl:1", "tick:1219", false, { { 0, "gj" } } }
{ "msg_showcmd", "sl:1", "tick:1221", false, { { 0, "gj" } } }
{ "msg_showcmd", "sl:1", "tick:1223", false, { { 0, "gj" } } }
{ "msg_showcmd", "sl:1", "tick:1225", false, { { 0, "gj" } } }
{ "msg_showcmd", "sl:1", "tick:1227", false, { { 0, "gj" } } }
{ "msg_showcmd", "sl:1", "tick:1229", false, { { 0, "gj" } } }
{ "msg_showcmd", "sl:1", "tick:1231", false, { { 0, "gj" } } }
{ "msg_showcmd", "sl:1", "tick:1233", false, { { 0, "gj" } } }
{ "msg_showcmd", "sl:1", "tick:1235", false, { { 0, "gj" } } }
{ "msg_showcmd", "sl:1", "tick:1237", false, { { 0, "gj" } } }
{ "msg_showcmd", "sl:1", "tick:1239", false, { { 0, "gj" } } }
{ "msg_showcmd", "sl:1", "tick:1241", false, { { 0, "gj" } } }
{ "msg_showcmd", "sl:1", "tick:1243", false, { { 0, "gj" } } }
{ "msg_showcmd", "sl:1", "tick:1245", false, { { 0, "gj" } } }
{ "msg_showcmd", "sl:1", "tick:1247", false, { { 0, "gj" } } }
{ "msg_showcmd", "sl:1", "tick:1249", false, { { 0, "gj" } } }
{ "msg_showcmd", "sl:1", "tick:1251", false, { { 0, "gj" } } }
{ "msg_showcmd", "sl:1", "tick:1253", false, { { 0, "gj" } } }
{ "msg_showcmd", "sl:1", "tick:1255", false, { { 0, "gj" } } }
{ "msg_showcmd", "sl:1", "tick:1257", false, { { 0, "gj" } } }
{ "msg_showcmd", "sl:1", "tick:1259", false, { { 0, "gj" } } }
{ "msg_showcmd", "sl:1", "tick:1261", false, { { 0, "gj" } } }
{ "msg_showcmd", "sl:1", "tick:1263", false, { { 0, "gj" } } }
{ "msg_showcmd", "sl:1", "tick:1265", false, { { 0, "gj" } } }
{ "msg_showcmd", "sl:1", "tick:1267", false, { { 0, "gj" } } }
{ "msg_showcmd", "sl:1", "tick:1269", false, { { 0, "gj" } } }
{ "msg_showcmd", "sl:1", "tick:1271", false, { { 0, "gj" } } }
{ "msg_showcmd", "sl:1", "tick:1273", false, { { 0, "gj" } } }
{ "msg_showcmd", "sl:1", "tick:1275", false, { { 0, "gj" } } }
{ "msg_showcmd", "sl:1", "tick:1277", false, { { 0, "gj" } } }
{ "msg_showcmd", "sl:1", "tick:1279", false, { { 0, "gj" } } }
{ "msg_showcmd", "sl:1", "tick:1281", false, { { 0, "gj" } } }
{ "msg_showcmd", "sl:1", "tick:1283", false, { { 0, "gj" } } }
{ "msg_showcmd", "sl:1", "tick:1285", false, { { 0, "gj" } } }
{ "msg_showcmd", "sl:1", "tick:1287", false, { { 0, "gj" } } }
{ "msg_showcmd", "sl:1", "tick:1289", false, { { 0, "gj" } } }
{ "msg_showcmd", "sl:1", "tick:1291", false, { { 0, "gj" } } }
{ "msg_showcmd", "sl:1", "tick:1293", false, { { 0, "gj" } } }
{ "msg_showcmd", "sl:1", "tick:1295", false, { { 0, "gj" } } }
{ "msg_showcmd", "sl:1", "tick:1297", false, { { 0, "gj" } } }
{ "msg_showcmd", "sl:1", "tick:1299", false, { { 0, "gj" } } }
{ "msg_showcmd", "sl:1", "tick:1301", false, { { 0, "gj" } } }
{ "msg_showcmd", "sl:1", "tick:1303", false, { { 0, "gj" } } }
{ "msg_showcmd", "sl:1", "tick:1305", false, { { 0, "gj" } } }
{ "msg_showcmd", "sl:1", "tick:1307", false, { { 0, "gj" } } }
{ "msg_showcmd", "sl:1", "tick:1309", false, { { 0, "gj" } } }
{ "msg_showcmd", "sl:1", "tick:1311", false, { { 0, "gj" } } }
{ "msg_showcmd", "sl:1", "tick:1313", false, { { 0, "gj" } } }
{ "msg_showcmd", "sl:1", "tick:1315", false, { { 0, "gj" } } }
{ "msg_showcmd", "sl:1", "tick:1317", false, { { 0, "gj" } } }
{ "msg_showcmd", "sl:1", "tick:1319", false, { { 0, "gj" } } }
{ "msg_showcmd", "sl:1", "tick:1321", false, { { 0, "gj" } } }
{ "msg_showcmd", "sl:1", "tick:1323", false, { { 0, "gj" } } }
{ "msg_showcmd", "sl:1", "tick:1325", false, { { 0, "gj" } } }
{ "msg_showcmd", "sl:1", "tick:1327", false, { { 0, "gj" } } }
{ "msg_showcmd", "sl:1", "tick:1329", false, { { 0, "gj" } } }
{ "msg_showcmd", "sl:1", "tick:1331", false, { { 0, "gj" } } }
{ "msg_showcmd", "sl:1", "tick:1333", false, { { 0, "gj" } } }
{ "msg_showcmd", "sl:1", "tick:1335", false, { { 0, "gj" } } }
{ "msg_showcmd", "sl:1", "tick:1337", false, { { 0, "gj" } } }
{ "msg_showcmd", "sl:1", "tick:1339", false, { { 0, "gj" } } }
{ "msg_showcmd", "sl:1", "tick:1341", false, { { 0, "gj" } } }
{ "msg_showcmd", "sl:1", "tick:1343", false, { { 0, "gj" } } }
{ "msg_showcmd", "sl:1", "tick:1345", false, { { 0, "gj" } } }
{ "msg_showcmd", "sl:1", "tick:1347", false, { { 0, "gj" } } }
{ "msg_showcmd", "sl:1", "tick:1349", false, { { 0, "gj" } } }
{ "msg_showcmd", "sl:1", "tick:1351", false, { { 0, "gj" } } }
{ "msg_showcmd", "sl:1", "tick:1353", false, { { 0, "gj" } } }
{ "msg_showcmd", "sl:1", "tick:1355", false, { { 0, "gj" } } }
{ "msg_showcmd", "sl:1", "tick:1357", false, { { 0, "gj" } } }
{ "msg_showcmd", "sl:1", "tick:1359", false, { { 0, "gj" } } }
{ "msg_showcmd", "sl:1", "tick:1361", false, { { 0, "gj" } } }
{ "msg_showcmd", "sl:1", "tick:1363", false, { { 0, "gj" } } }
{ "msg_showcmd", "sl:1", "tick:1365", false, { { 0, "gj" } } }
{ "msg_showcmd", "sl:1", "tick:1367", false, { { 0, "gj" } } }
{ "msg_showcmd", "sl:1", "tick:1369", false, { { 0, "gj" } } }
{ "msg_showcmd", "sl:1", "tick:1371", false, { { 0, "gj" } } }
{ "msg_showcmd", "sl:1", "tick:1373", false, { { 0, "gj" } } }
{ "msg_showcmd", "sl:1", "tick:1375", false, { { 0, "gj" } } }
{ "msg_showcmd", "sl:1", "tick:1377", false, { { 0, "gj" } } }
{ "msg_showcmd", "sl:1", "tick:1379", false, { { 0, "gj" } } }
{ "msg_showcmd", "sl:1", "tick:1381", false, { { 0, "gj" } } }
{ "msg_showcmd", "sl:1", "tick:1383", false, { { 0, "gj" } } }
{ "msg_showcmd", "sl:1", "tick:1385", false, { { 0, "gj" } } }
{ "msg_showcmd", "sl:1", "tick:1387", false, { { 0, "gj" } } }
{ "msg_showcmd", "sl:1", "tick:1389", false, { { 0, "gj" } } }
{ "msg_showcmd", "sl:1", "tick:1391", false, { { 0, "gj" } } }
{ "msg_showcmd", "sl:1", "tick:1393", false, { { 0, "gj" } } }
{ "msg_showcmd", "sl:1", "tick:1395", false, { { 0, "gj" } } }
{ "msg_showcmd", "sl:1", "tick:1397", false, { { 0, "gj" } } }
{ "msg_showcmd", "sl:1", "tick:1399", false, { { 0, "gj" } } }
{ "msg_showcmd", "sl:1", "tick:1401", false, { { 0, "gj" } } }
{ "msg_showcmd", "sl:1", "tick:1403", false, { { 0, "gj" } } }
{ "msg_showcmd", "sl:1", "tick:1405", false, { { 0, "gj" } } }
{ "msg_showcmd", "sl:1", "tick:1407", false, { { 0, "gj" } } }
{ "msg_showcmd", "sl:1", "tick:1409", false, { { 0, "gj" } } }
{ "msg_showcmd", "sl:1", "tick:1411", false, { { 0, "gj" } } }
{ "msg_showcmd", "sl:1", "tick:1413", false, { { 0, "gj" } } }
{ "msg_showcmd", "sl:1", "tick:1415", false, { { 0, "gj" } } }
{ "msg_showcmd", "sl:1", "tick:1417", false, { { 0, "gj" } } }
{ "msg_showcmd", "sl:1", "tick:1419", false, { { 0, "gj" } } }
{ "msg_showcmd", "sl:1", "tick:1421", false, { { 0, "gj" } } }
{ "msg_showcmd", "sl:1", "tick:1423", false, { { 0, "gj" } } }
{ "msg_showcmd", "sl:1", "tick:1425", false, { { 0, "gj" } } }
{ "msg_showcmd", "sl:1", "tick:1427", false, { { 0, "gj" } } }
{ "msg_showcmd", "sl:1", "tick:1429", false, { { 0, "gj" } } }
{ "msg_showcmd", "sl:1", "tick:1431", false, { { 0, "gj" } } }
{ "msg_showcmd", "sl:1", "tick:1433", false, { { 0, "gj" } } }
{ "msg_showcmd", "sl:1", "tick:1435", false, { { 0, "gj" } } }
{ "msg_showcmd", "sl:1", "tick:1437", false, { { 0, "gj" } } }
{ "msg_showcmd", "sl:1", "tick:1439", false, { { 0, "gj" } } }
{ "msg_showcmd", "sl:1", "tick:1441", false, { { 0, "gj" } } }
{ "msg_showcmd", "sl:1", "tick:1443", false, { { 0, "gj" } } }
{ "msg_showcmd", "sl:1", "tick:1445", false, { { 0, "gj" } } }
{ "msg_showcmd", "sl:1", "tick:1447", false, { { 0, "gj" } } }
{ "msg_showcmd", "sl:1", "tick:1449", false, { { 0, "gj" } } }
{ "msg_showcmd", "sl:1", "tick:1451", false, { { 0, "gj" } } }
{ "msg_showcmd", "sl:1", "tick:1453", false, { { 0, "gj" } } }
{ "msg_showcmd", "sl:1", "tick:1455", false, { { 0, "gj" } } }
{ "msg_showcmd", "sl:1", "tick:1457", false, { { 0, "gj" } } }
{ "msg_showcmd", "sl:1", "tick:1459", false, { { 0, "gj" } } }
{ "msg_showcmd", "sl:1", "tick:1461", false, { { 0, "gj" } } }
{ "msg_showcmd", "sl:1", "tick:1463", false, { { 0, "gj" } } }
{ "msg_showcmd", "sl:1", "tick:1465", false, { { 0, "gj" } } }
{ "msg_showcmd", "sl:1", "tick:1467", false, { { 0, "gj" } } }
{ "msg_showcmd", "sl:1", "tick:1469", false, { { 0, "gj" } } }
{ "msg_showcmd", "sl:1", "tick:1471", false, { { 0, "gj" } } }
{ "msg_showcmd", "sl:1", "tick:1473", false, { { 0, "gj" } } }
{ "msg_showcmd", "sl:1", "tick:1475", false, { { 0, "gj" } } }
{ "msg_showcmd", "sl:1", "tick:1477", false, { { 0, "gj" } } }
{ "msg_showcmd", "sl:1", "tick:1479", false, { { 0, "gj" } } }
{ "msg_showcmd", "sl:1", "tick:1481", false, { { 0, "gj" } } }
{ "msg_showcmd", "sl:1", "tick:1483", false, { { 0, "gj" } } }
{ "msg_showcmd", "sl:1", "tick:1485", false, { { 0, "gj" } } }
{ "msg_showcmd", "sl:1", "tick:1487", false, { { 0, "gj" } } }
{ "msg_showcmd", "sl:1", "tick:1489", false, { { 0, "gj" } } }
{ "msg_showcmd", "sl:1", "tick:1491", false, { { 0, "gj" } } }
{ "msg_showcmd", "sl:1", "tick:1493", false, { { 0, "gj" } } }
{ "msg_showcmd", "sl:1", "tick:1495", false, { { 0, "gj" } } }
{ "msg_showcmd", "sl:1", "tick:1497", false, { { 0, "gj" } } }
{ "msg_showcmd", "sl:1", "tick:1499", false, { { 0, "gj" } } }
{ "msg_showcmd", "sl:1", "tick:1501", false, { { 0, "gj" } } }
{ "msg_showcmd", "sl:1", "tick:1503", false, { { 0, "gj" } } }
{ "msg_showcmd", "sl:1", "tick:1505", false, { { 0, "gj" } } }
{ "msg_showcmd", "sl:1", "tick:1507", false, { { 0, "gj" } } }
{ "msg_showcmd", "sl:1", "tick:1509", false, { { 0, "gj" } } }
{ "msg_showcmd", "sl:1", "tick:1511", false, { { 0, "gj" } } }
{ "msg_showcmd", "sl:1", "tick:1513", false, { { 0, "gj" } } }
{ "msg_showcmd", "sl:1", "tick:1515", false, { { 0, "gj" } } }
{ "msg_showcmd", "sl:1", "tick:1517", false, { { 0, "gj" } } }
{ "msg_showcmd", "sl:1", "tick:1519", false, { { 0, "gj" } } }
{ "msg_showcmd", "sl:1", "tick:1521", false, { { 0, "gj" } } }
{ "msg_showcmd", "sl:1", "tick:1523", false, { { 0, "gj" } } }
{ "msg_showcmd", "sl:1", "tick:1525", false, { { 0, "gj" } } }
{ "msg_showcmd", "sl:1", "tick:1527", false, { { 0, "gj" } } }
{ "msg_showcmd", "sl:1", "tick:1529", false, { { 0, "gj" } } }
{ "msg_showcmd", "sl:1", "tick:1531", false, { { 0, "gj" } } }
{ "msg_showcmd", "sl:1", "tick:1533", false, { { 0, "gj" } } }
{ "msg_showcmd", "sl:1", "tick:1535", false, { { 0, "gj" } } }
{ "msg_showcmd", "sl:1", "tick:1537", false, { { 0, "gj" } } }
{ "msg_showcmd", "sl:1", "tick:1539", false, { { 0, "gj" } } }
{ "msg_showcmd", "sl:1", "tick:1541", false, { { 0, "gj" } } }
{ "msg_showcmd", "sl:1", "tick:1543", false, { { 0, "gj" } } }
{ "msg_showcmd", "sl:1", "tick:1545", false, { { 0, "gk" } } }
{ "msg_showcmd", "sl:1", "tick:1547", false, { { 0, "gk" } } }
{ "msg_showcmd", "sl:1", "tick:1549", false, { { 0, "gk" } } }
{ "msg_showcmd", "sl:1", "tick:1551", false, { { 0, "gk" } } }
{ "msg_showcmd", "sl:1", "tick:1553", false, { { 0, ":" } } }
{ "cmdline_show", "sl:1", "tick:1554", "mode:c", { { 0, "" } } }
{ "cmdline_show", "sl:1", "tick:1557", "mode:c", { { 0, "T" } } }
{ "cmdline_show", "sl:1", "tick:1559", "mode:c", { { 0, "TS" } } }
{ "cmdline_show", "sl:1", "tick:1561", "mode:c", { { 0, "TSI" } } }
{ "cmdline_show", "sl:1", "tick:1563", "mode:c", { { 0, "TSIn" } } }
{ "cmdline_show", "sl:1", "tick:1565", "mode:c", { { 0, "TSIns" } } }
{ "cmdline_show", "sl:1", "tick:1567", "mode:c", { { 0, "TSInst" } } }
{ "cmdline_show", "sl:1", "tick:1569", "mode:c", { { 0, "TSInsta" } } }
{ "cmdline_show", "sl:1", "tick:1571", "mode:c", { { 0, "TSInstal" } } }
{ "cmdline_show", "sl:1", "tick:1573", "mode:c", { { 0, "TSInstall" } } }
{ "cmdline_show", "sl:1", "tick:1575", "mode:c", { { 0, "TSInstall " } } }
{ "cmdline_show", "sl:1", "tick:1577", "mode:c", { { 0, "TSInstall r" } } }
{ "cmdline_show", "sl:1", "tick:1579", "mode:c", { { 0, "TSInstall re" } } }
{ "cmdline_show", "sl:1", "tick:1581", "mode:c", { { 0, "TSInstall reg" } } }
{ "cmdline_show", "sl:1", "tick:1583", "mode:c", { { 0, "TSInstall rege" } } }
{ "cmdline_show", "sl:1", "tick:1585", "mode:c", { { 0, "TSInstall regex" } } }
{ "cmdline_hide", "sl:1", "tick:1587", false, 1 }
{ "cmdline_show", "sl:1", "tick:1588", "mode:c", { { 0, "" } } }
{ "cmdline_show", "sl:1", "tick:1590", "mode:c", { { 0, "y" } } }
{ "cmdline_hide", "sl:1", "tick:1592", false, 1 }
{ "msg_show", "sl:1", "tick:1593", false, "" }
{ "msg_show", "sl:1", "tick:1595", false, "" }
{ "msg_show", "sl:1", "tick:1597", false, "" }
{ "msg_show", "sl:1", "tick:1599", false, "" }
{ "msg_show", "sl:1", "tick:1601", false, "" }
{ "msg_showcmd", "sl:1", "tick:1603", false, { { 0, "gj" } } }
{ "msg_showcmd", "sl:1", "tick:1605", false, { { 0, ":" } } }
{ "cmdline_show", "sl:1", "tick:1606", "mode:c", { { 0, "" } } }
{ "cmdline_show", "sl:1", "tick:1609", "mode:c", { { 0, "c" } } }
{ "cmdline_show", "sl:1", "tick:1611", "mode:c", { { 0, "ch" } } }
{ "cmdline_show", "sl:1", "tick:1613", "mode:c", { { 0, "che" } } }
{ "cmdline_show", "sl:1", "tick:1615", "mode:c", { { 0, "chec" } } }
{ "cmdline_show", "sl:1", "tick:1617", "mode:c", { { 0, "check" } } }
{ "cmdline_show", "sl:1", "tick:1619", "mode:c", { { 0, "checke" } } }
{ "cmdline_show", "sl:1", "tick:1621", "mode:c", { { 0, "checkea" } } }
{ "cmdline_show", "sl:1", "tick:1623", "mode:c", { { 0, "checke" } } }
{ "cmdline_show", "sl:1", "tick:1625", "mode:c", { { 0, "check" } } }
{ "cmdline_show", "sl:1", "tick:1627", "mode:c", { { 0, "checkh" } } }
{ "cmdline_show", "sl:1", "tick:1629", "mode:c", { { 0, "checkhe" } } }
{ "cmdline_show", "sl:1", "tick:1631", "mode:c", { { 0, "checkhea" } } }
{ "cmdline_show", "sl:1", "tick:1633", "mode:c", { { 0, "checkheal" } } }
{ "cmdline_show", "sl:1", "tick:1635", "mode:c", { { 0, "checkhealt" } } }
{ "cmdline_show", "sl:1", "tick:1637", "mode:c", { { 0, "checkhealth" } } }
{ "cmdline_show", "sl:1", "tick:1639", "mode:c", { { 0, "checkhealth " } } }
{ "cmdline_show", "sl:1", "tick:1641", "mode:c", { { 0, "checkhealth t" } } }
{ "cmdline_show", "sl:1", "tick:1643", "mode:c", { { 0, "checkhealth tr" } } }
{ "cmdline_show", "sl:1", "tick:1645", "mode:c", { { 0, "checkhealth nvim-treesitter" } } }
{ "cmdline_hide", "sl:1", "tick:1647", false, 1 }
